2013/07/09 21:58:59 [error] [exception.CDbException] exception 'CDbException' with message 'CDbConnection failed to open the DB connection: could not find driver' in /home/zirbinator/yii/framework/db/CDbConnection.php:381
Stack trace:
#0 /home/zirbinator/yii/framework/db/CDbConnection.php(330): CDbConnection->open()
#1 /home/zirbinator/yii/framework/db/CDbConnection.php(308): CDbConnection->setActive(true)
#2 /home/zirbinator/yii/framework/base/CModule.php(387): CDbConnection->init()
#3 /home/zirbinator/yii/framework/cli/commands/MigrateCommand.php(442): CModule->getComponent('db')
#4 /home/zirbinator/yii/framework/cli/commands/MigrateCommand.php(451): MigrateCommand->getDbConnection()
#5 /home/zirbinator/yii/framework/cli/commands/MigrateCommand.php(482): MigrateCommand->getMigrationHistory(-1)
#6 /home/zirbinator/yii/framework/cli/commands/MigrateCommand.php(84): MigrateCommand->getNewMigrations()
#7 [internal function]: MigrateCommand->actionUp(Array)
#8 /home/zirbinator/yii/framework/console/CConsoleCommand.php(172): ReflectionMethod->invokeArgs(Object(MigrateCommand), Array)
#9 /home/zirbinator/yii/framework/console/CConsoleCommandRunner.php(67): CConsoleCommand->run(Array)
#10 /home/zirbinator/yii/framework/console/CConsoleApplication.php(91): CConsoleCommandRunner->run(Array)
#11 /home/zirbinator/yii/framework/base/CApplication.php(169): CConsoleApplication->processRequest()
#12 /home/zirbinator/yii/framework/yiic.php(33): CApplication->run()
#13 /home/zirbinator/workspace/metabolism/protected/yiic.php(7): require_once('/home/zirbinato...')
#14 /home/zirbinator/workspace/metabolism/protected/yiic(4): require_once('/home/zirbinato...')
#15 {main}
---
2013/07/09 21:59:02 [error] [exception.CDbException] exception 'CDbException' with message 'CDbConnection failed to open the DB connection: could not find driver' in /home/zirbinator/yii/framework/db/CDbConnection.php:381
Stack trace:
#0 /home/zirbinator/yii/framework/db/CDbConnection.php(330): CDbConnection->open()
#1 /home/zirbinator/yii/framework/db/CDbConnection.php(308): CDbConnection->setActive(true)
#2 /home/zirbinator/yii/framework/base/CModule.php(387): CDbConnection->init()
#3 /home/zirbinator/yii/framework/cli/commands/MigrateCommand.php(442): CModule->getComponent('db')
#4 /home/zirbinator/yii/framework/cli/commands/MigrateCommand.php(451): MigrateCommand->getDbConnection()
#5 /home/zirbinator/yii/framework/cli/commands/MigrateCommand.php(482): MigrateCommand->getMigrationHistory(-1)
#6 /home/zirbinator/yii/framework/cli/commands/MigrateCommand.php(84): MigrateCommand->getNewMigrations()
#7 [internal function]: MigrateCommand->actionUp(Array)
#8 /home/zirbinator/yii/framework/console/CConsoleCommand.php(172): ReflectionMethod->invokeArgs(Object(MigrateCommand), Array)
#9 /home/zirbinator/yii/framework/console/CConsoleCommandRunner.php(67): CConsoleCommand->run(Array)
#10 /home/zirbinator/yii/framework/console/CConsoleApplication.php(91): CConsoleCommandRunner->run(Array)
#11 /home/zirbinator/yii/framework/base/CApplication.php(169): CConsoleApplication->processRequest()
#12 /home/zirbinator/yii/framework/yiic.php(33): CApplication->run()
#13 /home/zirbinator/workspace/metabolism/protected/yiic.php(7): require_once('/home/zirbinato...')
#14 /home/zirbinator/workspace/metabolism/protected/yiic(4): require_once('/home/zirbinato...')
#15 {main}
---
2013/07/09 22:07:30 [error] [exception.CDbException] exception 'CDbException' with message 'CDbConnection failed to open the DB connection: SQLSTATE[42000]: Syntax error or access violation: 1115 Unknown character set: 'utf8_unicode_ci'' in /home/zirbinator/yii/framework/db/CDbConnection.php:381
Stack trace:
#0 /home/zirbinator/yii/framework/db/CDbConnection.php(330): CDbConnection->open()
#1 /home/zirbinator/yii/framework/db/CDbConnection.php(308): CDbConnection->setActive(true)
#2 /home/zirbinator/yii/framework/base/CModule.php(387): CDbConnection->init()
#3 /home/zirbinator/yii/framework/cli/commands/MigrateCommand.php(442): CModule->getComponent('db')
#4 /home/zirbinator/yii/framework/cli/commands/MigrateCommand.php(451): MigrateCommand->getDbConnection()
#5 /home/zirbinator/yii/framework/cli/commands/MigrateCommand.php(482): MigrateCommand->getMigrationHistory(-1)
#6 /home/zirbinator/yii/framework/cli/commands/MigrateCommand.php(84): MigrateCommand->getNewMigrations()
#7 [internal function]: MigrateCommand->actionUp(Array)
#8 /home/zirbinator/yii/framework/console/CConsoleCommand.php(172): ReflectionMethod->invokeArgs(Object(MigrateCommand), Array)
#9 /home/zirbinator/yii/framework/console/CConsoleCommandRunner.php(67): CConsoleCommand->run(Array)
#10 /home/zirbinator/yii/framework/console/CConsoleApplication.php(91): CConsoleCommandRunner->run(Array)
#11 /home/zirbinator/yii/framework/base/CApplication.php(169): CConsoleApplication->processRequest()
#12 /home/zirbinator/yii/framework/yiic.php(33): CApplication->run()
#13 /home/zirbinator/workspace/metabolism/protected/yiic.php(7): require_once('/home/zirbinato...')
#14 /home/zirbinator/workspace/metabolism/protected/yiic(4): require_once('/home/zirbinato...')
#15 {main}
---
2013/07/09 22:07:47 [error] [system.db.CDbCommand] CDbCommand::fetchAll() failed: SQLSTATE[42S02]: Base table or view not found: 1146 Table 'metabolism.tbl_migration' doesn't exist. The SQL statement executed was: SHOW FULL COLUMNS FROM `tbl_migration`.
2013/08/10 21:04:07 [error] [system.db.CDbCommand] CDbCommand::execute() failed: SQLSTATE[42000]: Syntax error or access violation: 1064 You have an error in your SQL syntax; check the manual that corresponds to your MySQL server version for the right syntax to use near 'ENIGNE InnoDB' at line 5. The SQL statement executed was: CREATE TABLE `recover_password` (
	`user_id` int,
	`verification` char(16),
	`attemtps` int default 0
) ENIGNE InnoDB.
2013/08/10 21:04:07 [error] [exception.CDbException] exception 'CDbException' with message 'CDbCommand failed to execute the SQL statement: SQLSTATE[42000]: Syntax error or access violation: 1064 You have an error in your SQL syntax; check the manual that corresponds to your MySQL server version for the right syntax to use near 'ENIGNE InnoDB' at line 5. The SQL statement executed was: CREATE TABLE `recover_password` (
	`user_id` int,
	`verification` char(16),
	`attemtps` int default 0
) ENIGNE InnoDB' in /home/zirbinator/yii/framework/db/CDbCommand.php:357
Stack trace:
#0 /home/zirbinator/yii/framework/db/CDbCommand.php(1321): CDbCommand->execute()
#1 /home/zirbinator/yii/framework/db/CDbMigration.php(228): CDbCommand->createTable('recover_passwor...', Array, 'ENIGNE InnoDB')
#2 /home/zirbinator/workspace/metabolism/protected/migrations/m130811_005638_recover_password.php(11): CDbMigration->createTable('recover_passwor...', Array, 'ENIGNE InnoDB')
#3 /home/zirbinator/yii/framework/cli/commands/MigrateCommand.php(385): m130811_005638_recover_password->up()
#4 /home/zirbinator/yii/framework/cli/commands/MigrateCommand.php(109): MigrateCommand->migrateUp('m130811_005638_...')
#5 [internal function]: MigrateCommand->actionUp(Array)
#6 /home/zirbinator/yii/framework/console/CConsoleCommand.php(172): ReflectionMethod->invokeArgs(Object(MigrateCommand), Array)
#7 /home/zirbinator/yii/framework/console/CConsoleCommandRunner.php(67): CConsoleCommand->run(Array)
#8 /home/zirbinator/yii/framework/console/CConsoleApplication.php(91): CConsoleCommandRunner->run(Array)
#9 /home/zirbinator/yii/framework/base/CApplication.php(169): CConsoleApplication->processRequest()
#10 /home/zirbinator/yii/framework/yiic.php(33): CApplication->run()
#11 /home/zirbinator/workspace/metabolism/protected/yiic.php(7): require_once('/home/zirbinato...')
#12 /home/zirbinator/workspace/metabolism/protected/yiic(4): require_once('/home/zirbinato...')
#13 {main}
---
2013/08/15 00:05:23 [error] [system.db.CDbCommand] CDbCommand::execute() failed: SQLSTATE[23000]: Integrity constraint violation: 1217 Cannot delete or update a parent row: a foreign key constraint fails. The SQL statement executed was: DROP TABLE `games`.
2013/08/15 00:05:23 [error] [exception.CDbException] exception 'CDbException' with message 'CDbCommand failed to execute the SQL statement: SQLSTATE[23000]: Integrity constraint violation: 1217 Cannot delete or update a parent row: a foreign key constraint fails. The SQL statement executed was: DROP TABLE `games`' in /home/zirbinator/yii/framework/db/CDbCommand.php:357
Stack trace:
#0 /home/zirbinator/yii/framework/db/CDbCommand.php(1344): CDbCommand->execute()
#1 /home/zirbinator/yii/framework/db/CDbMigration.php(253): CDbCommand->dropTable('games')
#2 /home/zirbinator/workspace/metabolism/protected/migrations/m130815_034022_user_data.php(41): CDbMigration->dropTable('games')
#3 /home/zirbinator/yii/framework/cli/commands/MigrateCommand.php(410): m130815_034022_user_data->down()
#4 /home/zirbinator/yii/framework/cli/commands/MigrateCommand.php(145): MigrateCommand->migrateDown('m130815_034022_...')
#5 [internal function]: MigrateCommand->actionDown(Array)
#6 /home/zirbinator/yii/framework/console/CConsoleCommand.php(172): ReflectionMethod->invokeArgs(Object(MigrateCommand), Array)
#7 /home/zirbinator/yii/framework/console/CConsoleCommandRunner.php(67): CConsoleCommand->run(Array)
#8 /home/zirbinator/yii/framework/console/CConsoleApplication.php(91): CConsoleCommandRunner->run(Array)
#9 /home/zirbinator/yii/framework/base/CApplication.php(169): CConsoleApplication->processRequest()
#10 /home/zirbinator/yii/framework/yiic.php(33): CApplication->run()
#11 /home/zirbinator/workspace/metabolism/protected/yiic.php(7): require_once('/home/zirbinato...')
#12 /home/zirbinator/workspace/metabolism/protected/yiic(4): require_once('/home/zirbinato...')
#13 {main}
---
2013/08/15 00:06:03 [error] [system.db.CDbCommand] CDbCommand::execute() failed: SQLSTATE[42S02]: Base table or view not found: 1051 Unknown table 'user_games'. The SQL statement executed was: DROP TABLE `user_games`.
2013/08/15 00:06:03 [error] [exception.CDbException] exception 'CDbException' with message 'CDbCommand failed to execute the SQL statement: SQLSTATE[42S02]: Base table or view not found: 1051 Unknown table 'user_games'. The SQL statement executed was: DROP TABLE `user_games`' in /home/zirbinator/yii/framework/db/CDbCommand.php:357
Stack trace:
#0 /home/zirbinator/yii/framework/db/CDbCommand.php(1344): CDbCommand->execute()
#1 /home/zirbinator/yii/framework/db/CDbMigration.php(253): CDbCommand->dropTable('user_games')
#2 /home/zirbinator/workspace/metabolism/protected/migrations/m130815_034022_user_data.php(40): CDbMigration->dropTable('user_games')
#3 /home/zirbinator/yii/framework/cli/commands/MigrateCommand.php(410): m130815_034022_user_data->down()
#4 /home/zirbinator/yii/framework/cli/commands/MigrateCommand.php(145): MigrateCommand->migrateDown('m130815_034022_...')
#5 [internal function]: MigrateCommand->actionDown(Array)
#6 /home/zirbinator/yii/framework/console/CConsoleCommand.php(172): ReflectionMethod->invokeArgs(Object(MigrateCommand), Array)
#7 /home/zirbinator/yii/framework/console/CConsoleCommandRunner.php(67): CConsoleCommand->run(Array)
#8 /home/zirbinator/yii/framework/console/CConsoleApplication.php(91): CConsoleCommandRunner->run(Array)
#9 /home/zirbinator/yii/framework/base/CApplication.php(169): CConsoleApplication->processRequest()
#10 /home/zirbinator/yii/framework/yiic.php(33): CApplication->run()
#11 /home/zirbinator/workspace/metabolism/protected/yiic.php(7): require_once('/home/zirbinato...')
#12 /home/zirbinator/workspace/metabolism/protected/yiic(4): require_once('/home/zirbinato...')
#13 {main}
---
2013/08/15 00:06:22 [error] [system.db.CDbCommand] CDbCommand::execute() failed: SQLSTATE[23000]: Integrity constraint violation: 1217 Cannot delete or update a parent row: a foreign key constraint fails. The SQL statement executed was: DROP TABLE `moves`.
2013/08/15 00:06:22 [error] [exception.CDbException] exception 'CDbException' with message 'CDbCommand failed to execute the SQL statement: SQLSTATE[23000]: Integrity constraint violation: 1217 Cannot delete or update a parent row: a foreign key constraint fails. The SQL statement executed was: DROP TABLE `moves`' in /home/zirbinator/yii/framework/db/CDbCommand.php:357
Stack trace:
#0 /home/zirbinator/yii/framework/db/CDbCommand.php(1344): CDbCommand->execute()
#1 /home/zirbinator/yii/framework/db/CDbMigration.php(253): CDbCommand->dropTable('moves')
#2 /home/zirbinator/workspace/metabolism/protected/migrations/m130815_034022_user_data.php(41): CDbMigration->dropTable('moves')
#3 /home/zirbinator/yii/framework/cli/commands/MigrateCommand.php(410): m130815_034022_user_data->down()
#4 /home/zirbinator/yii/framework/cli/commands/MigrateCommand.php(145): MigrateCommand->migrateDown('m130815_034022_...')
#5 [internal function]: MigrateCommand->actionDown(Array)
#6 /home/zirbinator/yii/framework/console/CConsoleCommand.php(172): ReflectionMethod->invokeArgs(Object(MigrateCommand), Array)
#7 /home/zirbinator/yii/framework/console/CConsoleCommandRunner.php(67): CConsoleCommand->run(Array)
#8 /home/zirbinator/yii/framework/console/CConsoleApplication.php(91): CConsoleCommandRunner->run(Array)
#9 /home/zirbinator/yii/framework/base/CApplication.php(169): CConsoleApplication->processRequest()
#10 /home/zirbinator/yii/framework/yiic.php(33): CApplication->run()
#11 /home/zirbinator/workspace/metabolism/protected/yiic.php(7): require_once('/home/zirbinato...')
#12 /home/zirbinator/workspace/metabolism/protected/yiic(4): require_once('/home/zirbinato...')
#13 {main}
---
